<?xml version="1.0" encoding="UTF-8"?>
<testng-results ignored="9" total="10" passed="0" failed="1" skipped="0">
  <reporter-output>
  </reporter-output>
  <suite started-at="2022-01-06T16:29:28 EST" name="Default suite" finished-at="2022-01-06T16:30:56 EST" duration-ms="87725">
    <groups>
    </groups>
    <test started-at="2022-01-06T16:29:28 EST" name="Default test" finished-at="2022-01-06T16:30:56 EST" duration-ms="87725">
      <class name="com.Target_Website.tests.Target_Website_Tests">
        <test-method is-config="true" signature="setUp()[pri:0, instance:com.Target_Website.tests.Target_Website_Tests@41a0aa7d]" started-at="2022-01-06T16:29:28 EST" name="setUp" finished-at="2022-01-06T16:29:32 EST" duration-ms="4162" status="PASS">
          <reporter-output>
          </reporter-output>
        </test-method> <!-- setUp -->
        <test-method signature="testCase_SFTC_102()[pri:3, instance:com.Target_Website.tests.Target_Website_Tests@41a0aa7d]" started-at="2022-01-06T16:29:32 EST" name="testCase_SFTC_102" finished-at="2022-01-06T16:30:50 EST" duration-ms="77837" status="FAIL">
          <exception class="java.lang.AssertionError">
            <message>
              <![CDATA[expected [115] but found [102]]]>
            </message>
            <full-stacktrace>
              <![CDATA[java.lang.AssertionError: expected [115] but found [102]
at org.testng.Assert.fail(Assert.java:99)
at org.testng.Assert.failNotEquals(Assert.java:1037)
at org.testng.Assert.assertEqualsImpl(Assert.java:140)
at org.testng.Assert.assertEquals(Assert.java:122)
at org.testng.Assert.assertEquals(Assert.java:907)
at org.testng.Assert.assertEquals(Assert.java:917)
at com.Target_Website.pages.SearchResultsPage.verifyItemResults(SearchResultsPage.java:162)
at com.Target_Website.tests.Target_Website_Tests.testCase_SFTC_102(Target_Website_Tests.java:33)
at java.base/jdk.internal.reflect.NativeMethodAccessorImpl.invoke0(Native Method)
at java.base/jdk.internal.reflect.NativeMethodAccessorImpl.invoke(NativeMethodAccessorImpl.java:64)
at java.base/jdk.internal.reflect.DelegatingMethodAccessorImpl.invoke(DelegatingMethodAccessorImpl.java:43)
at java.base/java.lang.reflect.Method.invoke(Method.java:564)
at org.testng.internal.MethodInvocationHelper.invokeMethod(MethodInvocationHelper.java:132)
at org.testng.internal.TestInvoker.invokeMethod(TestInvoker.java:599)
at org.testng.internal.TestInvoker.invokeTestMethod(TestInvoker.java:174)
at org.testng.internal.MethodRunner.runInSequence(MethodRunner.java:46)
at org.testng.internal.TestInvoker$MethodInvocationAgent.invoke(TestInvoker.java:822)
at org.testng.internal.TestInvoker.invokeTestMethods(TestInvoker.java:147)
at org.testng.internal.TestMethodWorker.invokeTestMethods(TestMethodWorker.java:146)
at org.testng.internal.TestMethodWorker.run(TestMethodWorker.java:128)
at java.base/java.util.ArrayList.forEach(ArrayList.java:1511)
at org.testng.TestRunner.privateRun(TestRunner.java:764)
at org.testng.TestRunner.run(TestRunner.java:585)
at org.testng.SuiteRunner.runTest(SuiteRunner.java:384)
at org.testng.SuiteRunner.runSequentially(SuiteRunner.java:378)
at org.testng.SuiteRunner.privateRun(SuiteRunner.java:337)
at org.testng.SuiteRunner.run(SuiteRunner.java:286)
at org.testng.SuiteRunnerWorker.runSuite(SuiteRunnerWorker.java:53)
at org.testng.SuiteRunnerWorker.run(SuiteRunnerWorker.java:96)
at org.testng.TestNG.runSuitesSequentially(TestNG.java:1218)
at org.testng.TestNG.runSuitesLocally(TestNG.java:1140)
at org.testng.TestNG.runSuites(TestNG.java:1069)
at org.testng.TestNG.run(TestNG.java:1037)
at org.testng.remote.AbstractRemoteTestNG.run(AbstractRemoteTestNG.java:115)
at org.testng.remote.RemoteTestNG.initAndRun(RemoteTestNG.java:251)
at org.testng.remote.RemoteTestNG.main(RemoteTestNG.java:77)
]]>
            </full-stacktrace>
          </exception> <!-- java.lang.AssertionError -->
          <reporter-output>
          </reporter-output>
        </test-method> <!-- testCase_SFTC_102 -->
        <test-method is-config="true" signature="closingBrowsers()[pri:0, instance:com.Target_Website.tests.Target_Website_Tests@41a0aa7d]" started-at="2022-01-06T16:30:50 EST" name="closingBrowsers" finished-at="2022-01-06T16:30:55 EST" duration-ms="5119" status="PASS">
          <reporter-output>
          </reporter-output>
        </test-method> <!-- closingBrowsers -->
        <test-method is-config="true" signature="cleanUpProcess()[pri:0, instance:com.Target_Website.tests.Target_Website_Tests@41a0aa7d]" started-at="2022-01-06T16:30:55 EST" name="cleanUpProcess" finished-at="2022-01-06T16:30:56 EST" duration-ms="586" status="PASS">
          <reporter-output>
          </reporter-output>
        </test-method> <!-- cleanUpProcess -->
      </class> <!-- com.Target_Website.tests.Target_Website_Tests -->
    </test> <!-- Default test -->
  </suite> <!-- Default suite -->
</testng-results>
