<?xml version="1.0" encoding="UTF-8"?>
<!-- Generated by org.testng.reporters.JUnitReportReporter -->
<testsuite hostname="DESKTOP-3CJAD98" failures="1" tests="10" name="com.Target_Website.tests.Target_Website_Tests" time="87.118" errors="0" timestamp="2022-01-06T16:30:56 EST" skipped="9">
  <testcase classname="com.Target_Website.tests.Target_Website_Tests" name="testCase_SFTC_102" time="87.118">
    <failure message="expected [115] but found [102]" type="java.lang.AssertionError">
      <![CDATA[java.lang.AssertionError: expected [115] but found [102]
at org.testng.Assert.fail(Assert.java:99)
at org.testng.Assert.failNotEquals(Assert.java:1037)
at org.testng.Assert.assertEqualsImpl(Assert.java:140)
at org.testng.Assert.assertEquals(Assert.java:122)
at org.testng.Assert.assertEquals(Assert.java:907)
at org.testng.Assert.assertEquals(Assert.java:917)
at com.Target_Website.pages.SearchResultsPage.verifyItemResults(SearchResultsPage.java:162)
at com.Target_Website.tests.Target_Website_Tests.testCase_SFTC_102(Target_Website_Tests.java:33)
at java.base/jdk.internal.reflect.NativeMethodAccessorImpl.invoke0(Native Method)
at java.base/jdk.internal.reflect.NativeMethodAccessorImpl.invoke(NativeMethodAccessorImpl.java:64)
at java.base/jdk.internal.reflect.DelegatingMethodAccessorImpl.invoke(DelegatingMethodAccessorImpl.java:43)
at java.base/java.lang.reflect.Method.invoke(Method.java:564)
at org.testng.internal.MethodInvocationHelper.invokeMethod(MethodInvocationHelper.java:132)
at org.testng.internal.TestInvoker.invokeMethod(TestInvoker.java:599)
at org.testng.internal.TestInvoker.invokeTestMethod(TestInvoker.java:174)
at org.testng.internal.MethodRunner.runInSequence(MethodRunner.java:46)
at org.testng.internal.TestInvoker$MethodInvocationAgent.invoke(TestInvoker.java:822)
at org.testng.internal.TestInvoker.invokeTestMethods(TestInvoker.java:147)
at org.testng.internal.TestMethodWorker.invokeTestMethods(TestMethodWorker.java:146)
at org.testng.internal.TestMethodWorker.run(TestMethodWorker.java:128)
at java.base/java.util.ArrayList.forEach(ArrayList.java:1511)
at org.testng.TestRunner.privateRun(TestRunner.java:764)
at org.testng.TestRunner.run(TestRunner.java:585)
at org.testng.SuiteRunner.runTest(SuiteRunner.java:384)
at org.testng.SuiteRunner.runSequentially(SuiteRunner.java:378)
at org.testng.SuiteRunner.privateRun(SuiteRunner.java:337)
at org.testng.SuiteRunner.run(SuiteRunner.java:286)
at org.testng.SuiteRunnerWorker.runSuite(SuiteRunnerWorker.java:53)
at org.testng.SuiteRunnerWorker.run(SuiteRunnerWorker.java:96)
at org.testng.TestNG.runSuitesSequentially(TestNG.java:1218)
at org.testng.TestNG.runSuitesLocally(TestNG.java:1140)
at org.testng.TestNG.runSuites(TestNG.java:1069)
at org.testng.TestNG.run(TestNG.java:1037)
at org.testng.remote.AbstractRemoteTestNG.run(AbstractRemoteTestNG.java:115)
at org.testng.remote.RemoteTestNG.initAndRun(RemoteTestNG.java:251)
at org.testng.remote.RemoteTestNG.main(RemoteTestNG.java:77)
]]>
    </failure>
  </testcase> <!-- testCase_SFTC_102 -->
  <system-out/>
  <testcase classname="com.Target_Website.tests.Target_Website_Tests" name="testCase_SFTC_107">
    <skipped/>
  </testcase> <!-- testCase_SFTC_107 -->
  <system-out/>
  <testcase classname="com.Target_Website.tests.Target_Website_Tests" name="testCase_SFTC_106">
    <skipped/>
  </testcase> <!-- testCase_SFTC_106 -->
  <system-out/>
  <testcase classname="com.Target_Website.tests.Target_Website_Tests" name="testCase_SFTC_105">
    <skipped/>
  </testcase> <!-- testCase_SFTC_105 -->
  <system-out/>
  <testcase classname="com.Target_Website.tests.Target_Website_Tests" name="testCase_SFTC_104">
    <skipped/>
  </testcase> <!-- testCase_SFTC_104 -->
  <system-out/>
  <testcase classname="com.Target_Website.tests.Target_Website_Tests" name="testCase_SFTC_103">
    <skipped/>
  </testcase> <!-- testCase_SFTC_103 -->
  <system-out/>
  <testcase classname="com.Target_Website.tests.Target_Website_Tests" name="testCase_SFTC_300">
    <skipped/>
  </testcase> <!-- testCase_SFTC_300 -->
  <system-out/>
  <testcase classname="com.Target_Website.tests.Target_Website_Tests" name="testCase_SFTC_101">
    <skipped/>
  </testcase> <!-- testCase_SFTC_101 -->
  <system-out/>
  <testcase classname="com.Target_Website.tests.Target_Website_Tests" name="testCase_SFTC_200">
    <skipped/>
  </testcase> <!-- testCase_SFTC_200 -->
  <system-out/>
  <testcase classname="com.Target_Website.tests.Target_Website_Tests" name="testCase_SFTC_100">
    <skipped/>
  </testcase> <!-- testCase_SFTC_100 -->
  <system-out/>
</testsuite> <!-- com.Target_Website.tests.Target_Website_Tests -->
